<?xml version="1.0" encoding="UTF-8"?>
<testsuite xmlns:xsi="http://www.w3.org/2001/XMLSchema-instance" xsi:noNamespaceSchemaLocation="https://maven.apache.org/surefire/maven-surefire-plugin/xsd/surefire-test-report-3.0.xsd" version="3.0" name="jogodecartas.uno.RegrasUnoTest" time="0.018" tests="11" errors="0" skipped="0" failures="0">
  <properties>
[...]
</properties>
  <testcase name="cartaDaMesmaCorDeveSerValidaMesmoComNumeroDiferente" classname="jogodecartas.uno.RegrasUnoTest" time="0.003"/>
  <testcase name="partidaDeveTerminarQuandoUmJogadorFicaSemCartas" classname="jogodecartas.uno.RegrasUnoTest" time="0.001"/>
  <testcase name="partidaEncerradaDeveNotificarObservadoresComOEventoDeEncerramento" classname="jogodecartas.uno.RegrasUnoTest" time="0.001"/>
  <testcase name="jogarUmaCartaDeveNotificarObservadoresComOEventoDeCartaJogada" classname="jogodecartas.uno.RegrasUnoTest" time="0.001"/>
  <testcase name="jogarCoringaComprarQuatroDeveFazerOProximoJogadorComprarQuatroCartas" classname="jogodecartas.uno.RegrasUnoTest" time="0.002"/>
  <testcase name="cartaDeCorENumeroDiferentesDaMesaDeveSerInvalida" classname="jogodecartas.uno.RegrasUnoTest" time="0.0"/>
  <testcase name="jogarCartaComprarDoisDeveFazerOProximoJogadorComprarDuasCartas" classname="jogodecartas.uno.RegrasUnoTest" time="0.0"/>
  <testcase name="coringaDeveSerSempreValido" classname="jogodecartas.uno.RegrasUnoTest" time="0.0"/>
  <testcase name="jogarCartaPularDeveDevolverATurnoParaQuemJogou" classname="jogodecartas.uno.RegrasUnoTest" time="0.0"/>
  <testcase name="jogarCartaInversaoComDoisJogadoresDeveSeComportarComoPular" classname="jogodecartas.uno.RegrasUnoTest" time="0.001"/>
  <testcase name="cartaQueNaoEstaNaMaoDoJogadorDeveSerInvalida" classname="jogodecartas.uno.RegrasUnoTest" time="0.001"/>
</testsuite>